[Tue Sep 20 14:41:55.654 2016] 0.013 sec 0.013 sec [ext2/0/ext 2 (0,20)] [test1] my document
[Tue Sep 20 14:43:06.546 2016] 0.001 sec 0.001 sec [ext2/0/ext 2 (0,20) @gid] [rt] text
[Tue Sep 20 14:43:18.023 2016] 0.000 sec 0.000 sec [ext2/0/ext 2 (0,20)] [rt]
[Tue Sep 20 18:48:06.457 2016] 0.000 sec 0.000 sec [ext2/0/ext 9 (0,20)] [artical]
[Tue Sep 20 18:48:36.598 2016] 0.000 sec 0.000 sec [ext2/0/ext 3 (0,20)] [user]
[Tue Sep 20 19:00:23.715 2016] 0.000 sec 0.000 sec [ext2/0/ext 3 (0,20)] [user]
[Tue Sep 20 19:01:02.668 2016] 0.000 sec 0.000 sec [ext2/0/ext 9 (0,20)] [artical]
[Wed Sep 21 09:49:31.040 2016] 0.000 sec 0.000 sec [ext2/0/ext 3 (0,20)] [user]
[Wed Sep 21 09:49:58.876 2016] 0.000 sec 0.000 sec [ext2/0/ext 3 (0,20)] [user]
[Wed Sep 21 09:50:46.574 2016] 0.000 sec 0.000 sec [ext2/0/ext 9 (0,20)] [artical]
[Wed Sep 21 10:00:58.372 2016] 0.000 sec 0.000 sec [ext2/0/ext 3 (0,20)] [user]
[Wed Sep 21 10:01:14.772 2016] 0.000 sec 0.000 sec [ext2/0/ext 3 (0,20)] [user]
[Wed Sep 21 10:01:15.649 2016] 0.000 sec 0.000 sec [ext2/0/ext 3 (0,20)] [user]
[Wed Sep 21 10:01:16.399 2016] 0.000 sec 0.000 sec [ext2/0/ext 3 (0,20)] [user]
[Wed Sep 21 10:01:17.138 2016] 0.000 sec 0.000 sec [ext2/0/ext 3 (0,20)] [user]
[Wed Sep 21 10:01:17.836 2016] 0.000 sec 0.000 sec [ext2/0/ext 3 (0,20)] [user]
[Wed Sep 21 10:01:18.388 2016] 0.000 sec 0.000 sec [ext2/0/ext 3 (0,20)] [user]
[Wed Sep 21 10:01:24.799 2016] 0.000 sec 0.000 sec [ext2/0/ext 9 (0,20)] [artical]
[Wed Sep 21 10:24:11.529 2016] 0.000 sec 0.000 sec [ext2/0/ext 3 (0,20)] [user]
[Wed Sep 21 10:56:36.564 2016] 0.000 sec 0.000 sec [ext2/0/ext 3 (0,20)] [users]
[Wed Sep 21 11:25:48.133 2016] 0.000 sec 0.000 sec [ext2/0/ext 3 (0,20)] [users]
[Wed Sep 21 11:31:45.126 2016] 0.000 sec 0.000 sec [ext2/0/ext 1 (0,20)] [users_inc]
[Wed Sep 21 14:04:58.938 2016] 0.000 sec 0.000 sec [ext2/0/ext 1 (0,20)] [users_inc]
[Wed Sep 21 14:05:02.081 2016] 0.000 sec 0.000 sec [ext2/0/ext 4 (0,20)] [users]
[Wed Sep 21 15:03:04.850 2016] 0.000 sec 0.000 sec [ext2/0/ext 4 (0,20)] [users]
[Wed Sep 21 15:19:22.866 2016] 0.000 sec 0.000 sec [ext2/0/ext 0 (0,20)] [articals_rt]
[Wed Sep 21 15:22:49.089 2016] 0.000 sec 0.000 sec [ext2/0/ext 9 (0,20)] [articals_rt]
[Wed Sep 21 15:24:09.137 2016] 0.000 sec 0.000 sec [ext2/0/ext 0 (0,20)] [articals_rt] test
[Wed Sep 21 15:24:16.614 2016] 0.015 sec 0.015 sec [ext2/0/ext 4 (0,20)] [articals_rt] index
[Wed Sep 21 15:25:05.260 2016] 0.012 sec 0.012 sec [ext2/0/ext 1 (0,20)] [articals_rt] @title Live
[Wed Sep 21 15:28:03.373 2016] 0.000 sec 0.000 sec [ext2/0/ext 1 (0,20)] [articals_rt] @title Live
[Wed Sep 21 15:34:01.944 2016] 0.000 sec 0.000 sec [ext2/0/ext 1 (0,20)] [articals_rt] @title Live
[Wed Sep 21 17:30:21.542 2016] 0.001 sec 0.001 sec [ext2/0/ext 1 (0,20)] [articals_rt] @title Live
[Wed Sep 21 17:30:39.228 2016] 0.000 sec 0.000 sec [ext2/0/ext 1 (0,20)] [articals_rt] @title Live | index
[Wed Sep 21 17:30:57.979 2016] 0.000 sec 0.000 sec [ext2/0/ext 4 (0,20)] [articals_rt] @title Live | data
[Wed Sep 21 17:32:51.458 2016] 0.000 sec 0.000 sec [ext2/0/ext 3 (0,20)] [articals_rt] @title data 
[Wed Sep 21 17:33:06.162 2016] 0.000 sec 0.000 sec [ext2/0/ext 3 (0,20)] [articals_rt] @title data !to 
[Wed Sep 21 17:33:12.884 2016] 0.000 sec 0.000 sec [ext2/0/ext 3 (0,20)] [articals_rt] @title data !to
[Wed Sep 21 17:33:24.372 2016] 0.000 sec 0.000 sec [ext2/0/ext 3 (0,20)] [articals_rt] @title data -to
[Wed Sep 21 17:33:46.880 2016] 0.000 sec 0.000 sec [ext2/0/ext 2 (0,20)] [articals_rt] @title data -source
[Wed Sep 21 17:34:23.897 2016] 0.000 sec 0.000 sec [ext2/0/ext 3 (0,20)] [articals_rt] @title data MAYBE source
[Wed Sep 21 17:36:25.329 2016] 0.013 sec 0.013 sec [ext2/0/ext 2 (0,20)] [articals_rt] @title data MAYBE source @content data
[Wed Sep 21 17:37:54.802 2016] 0.013 sec 0.013 sec [ext2/0/ext 2 (0,20)] [articals_rt] @title[10] data MAYBE source @content data
[Wed Sep 21 17:38:29.883 2016] 0.000 sec 0.000 sec [ext2/0/ext 1 (0,20)] [articals_rt] @title data MAYBE source @content[10] data
[Wed Sep 21 17:44:24.482 2016] 0.000 sec 0.000 sec [ext2/0/ext 0 (0,20)] [articals_rt] @title "the data"
[Wed Sep 21 17:44:49.144 2016] 0.000 sec 0.000 sec [ext2/0/ext 1 (0,20)] [articals_rt] "the data"
[Wed Sep 21 17:48:06.157 2016] 0.000 sec 0.000 sec [ext2/0/ext 0 (0,20)] [articals_rt] @title "The data"
[Wed Sep 21 17:48:27.811 2016] 0.000 sec 0.000 sec [ext2/0/ext 1 (0,20)] [articals_rt] @content "The data"
[Wed Sep 21 17:53:00.219 2016] 0.000 sec 0.000 sec [ext2/0/ext 0 (0,20)] [articals_rt] @content "data index"
[Wed Sep 21 17:53:06.545 2016] 0.000 sec 0.000 sec [ext2/0/ext 1 (0,20)] [articals_rt] @content "data index"~10
[Wed Sep 21 17:56:51.530 2016] 0.000 sec 0.000 sec [ext2/0/ext 2 (0,20)] [articals_rt] @content "data index"/3
[Wed Sep 21 17:57:56.779 2016] 0.000 sec 0.000 sec [ext2/0/ext 4 (0,20)] [articals_rt] @content "data"/3
[Wed Sep 21 17:58:20.036 2016] 0.000 sec 0.000 sec [ext2/0/ext 4 (0,20)] [articals_rt] @content "index"/3
[Wed Sep 21 18:03:02.709 2016] 0.000 sec 0.000 sec [ext2/0/ext 0 (0,20)] [articals_rt] @content "data index"
[Wed Sep 21 18:03:18.577 2016] 0.000 sec 0.000 sec [ext2/0/ext 2 (0,20)] [articals_rt] @content data index
[Wed Sep 21 18:03:24.179 2016] 0.000 sec 0.000 sec [ext2/0/ext 1 (0,20)] [articals_rt] @content data << index
[Wed Sep 21 18:05:32.562 2016] 0.000 sec 0.000 sec [ext2/0/ext 4 (0,20)] [articals_rt] @content ="index"
[Wed Sep 21 18:06:08.822 2016] 0.000 sec 0.000 sec [ext2/0/ext 1 (0,20)] [articals_rt] @title ="source"
[Wed Sep 21 18:06:38.944 2016] 0.000 sec 0.000 sec [ext2/0/ext 1 (0,20)] [articals_rt] @title ="index"
[Wed Sep 21 18:08:09.371 2016] 0.000 sec 0.000 sec [ext2/0/ext 1 (0,20)] [articals_rt] @title =index
[Wed Sep 21 18:08:11.066 2016] 0.000 sec 0.000 sec [ext2/0/ext 1 (0,20)] [articals_rt] @title =index
[Wed Sep 21 18:08:12.282 2016] 0.000 sec 0.000 sec [ext2/0/ext 1 (0,20)] [articals_rt] @title =index
[Wed Sep 21 18:08:19.435 2016] 0.000 sec 0.000 sec [ext2/0/ext 1 (0,20)] [articals_rt] @title index
[Wed Sep 21 18:08:45.750 2016] 0.000 sec 0.000 sec [ext2/0/ext 0 (0,20)] [articals_rt] title =index
[Wed Sep 21 18:54:17.093 2016] 0.001 sec 0.001 sec [ext2/0/ext 0 (0,20)] [articals_rt] title =index
[Wed Sep 21 18:54:28.150 2016] 0.000 sec 0.000 sec [ext2/0/ext 9 (0,20)] [articals_rt]
[Wed Sep 21 18:54:30.995 2016] 0.000 sec 0.000 sec [ext2/0/ext 9 (0,20)] [articals_rt]
[Wed Sep 21 18:56:05.162 2016] 0.000 sec 0.000 sec [ext2/0/ext 1 (0,20)] [articals_rt] @content ^the attribute$
[Wed Sep 21 18:58:13.891 2016] 0.000 sec 0.000 sec [ext2/0/ext 0 (0,20)] [articals_rt] @content ^the NEAR/1 index
[Wed Sep 21 18:58:24.781 2016] 0.000 sec 0.000 sec [ext2/0/ext 0 (0,20)] [articals_rt] @content ^the NEAR/1 indexed
[Wed Sep 21 18:58:28.079 2016] 0.000 sec 0.000 sec [ext2/0/ext 0 (0,20)] [articals_rt] @content ^the NEAR/2 indexed
[Wed Sep 21 18:58:31.978 2016] 0.000 sec 0.000 sec [ext2/0/ext 0 (0,20)] [articals_rt] @content ^the NEAR/3 indexed
[Wed Sep 21 18:58:35.908 2016] 0.000 sec 0.000 sec [ext2/0/ext 0 (0,20)] [articals_rt] @content ^the NEAR/0 indexed
[Wed Sep 21 18:59:08.665 2016] 0.000 sec 0.000 sec [ext2/0/ext 0 (0,20)] [articals_rt] @content The NEAR/1 indexed
[Wed Sep 21 18:59:13.098 2016] 0.000 sec 0.000 sec [ext2/0/ext 0 (0,20)] [articals_rt] @content The NEAR/2 indexed
[Wed Sep 21 18:59:15.565 2016] 0.003 sec 0.003 sec [ext2/0/ext 0 (0,20)] [articals_rt] @content The NEAR/3 indexed
[Wed Sep 21 18:59:20.395 2016] 0.000 sec 0.000 sec [ext2/0/ext 2 (0,20)] [articals_rt] @content The NEAR/5 indexed
[Wed Sep 21 19:03:27.565 2016] 0.000 sec 0.000 sec [ext2/0/ext 1 (0,20)] [articals_rt] @content The NEAR/4 indexed
[Wed Sep 21 19:05:21.798 2016] 0.000 sec 0.000 sec [ext2/0/ext 2 (0,20)] [articals_rt] @content data SENTENCE index 
[Wed Sep 21 19:05:38.414 2016] 0.000 sec 0.000 sec [ext2/0/ext 1 (0,20)] [articals_rt] @content data SENTENCE index SENTENCE build
[Thu Sep 22 11:07:01.526 2016] 0.042 sec 0.042 sec [ext2/0/ext 0 (0,20)] [articals_rt] title =index
[Thu Sep 22 11:07:15.354 2016] 0.013 sec 0.013 sec [ext2/0/ext 4 (0,20)] [articals_rt] @content index
[Thu Sep 22 11:07:45.784 2016] 0.020 sec 0.020 sec [ext2/0/ext 4 (0,20)] [articals_rt] @content index
[Thu Sep 22 11:08:03.460 2016] 0.000 sec 0.000 sec [ext2/0/ext 4 (0,20)] [articals_rt] @content index
[Thu Sep 22 11:08:25.294 2016] 0.000 sec 0.000 sec [ext2/0/ext 4 (0,20)] [articals_rt] @content index
[Thu Sep 22 11:08:32.841 2016] 0.000 sec 0.000 sec [ext2/0/ext 4 (0,20)] [articals_rt] @content index
[Thu Sep 22 11:09:49.001 2016] 0.000 sec 0.000 sec [ext2/0/ext 4 (0,20)] [articals_rt] @content index
[Thu Sep 22 11:11:25.735 2016] 0.000 sec 0.000 sec [ext2/0/ext 2 (0,20)] [articals_rt] @content index data
[Thu Sep 22 11:12:04.323 2016] 0.015 sec 0.015 sec [ext2/0/ext 2 (0,20)] [articals_rt] @content index data
[Thu Sep 22 11:12:51.285 2016] 0.000 sec 0.000 sec [ext2/0/ext 2 (0,20)] [articals_rt] @content index data
[Thu Sep 22 11:13:48.412 2016] 0.000 sec 0.000 sec [ext2/0/ext 0 (0,20)] [articals_rt] @content "index data"
[Thu Sep 22 11:14:12.401 2016] 0.000 sec 0.000 sec [ext2/0/ext 2 (0,20)] [articals_rt] @content "index data"/100
[Thu Sep 22 11:17:29.860 2016] 0.000 sec 0.000 sec [ext2/0/ext 2 (0,20)] [articals_rt] @content "index data"~100
[Thu Sep 22 11:19:04.977 2016] 0.000 sec 0.000 sec [ext2/0/ext 0 (0,20)] [articals_rt] @content "index txt"~100
[Thu Sep 22 11:19:08.765 2016] 0.000 sec 0.000 sec [ext2/0/ext 4 (0,20)] [articals_rt] @content "index text"~100
[Thu Sep 22 11:23:44.325 2016] 0.000 sec 0.000 sec [ext2/0/ext 4 (0,20)] [articals_rt] @content "index text"~100
[Thu Sep 22 11:26:41.400 2016] 0.000 sec 0.000 sec [ext2/0/ext 4 (0,20)] [articals_rt] @content index
[Thu Sep 22 11:26:46.691 2016] 0.000 sec 0.000 sec [ext2/0/ext 4 (0,20)] [articals_rt] @content index
[Thu Sep 22 11:27:34.049 2016] 0.000 sec 0.000 sec [ext2/0/ext 0 (0,20)] [articals_rt] @content "index text"
[Thu Sep 22 11:27:41.929 2016] 0.000 sec 0.000 sec [ext2/0/ext 4 (0,20)] [articals_rt] @content "index text"~100
[Thu Sep 22 11:29:01.059 2016] 0.000 sec 0.000 sec [ext2/0/ext 4 (0,20)] [articals_rt] @content "index text"~100
[Thu Sep 22 11:29:23.270 2016] 0.000 sec 0.000 sec [ext2/0/ext 4 (0,20)] [articals_rt]  "index text"~100
[Thu Sep 22 11:29:38.710 2016] 0.000 sec 0.000 sec [ext2/0/ext 4 (0,20)] [articals_rt] index
[Thu Sep 22 11:31:38.577 2016] 0.000 sec 0.000 sec [ext2/0/ext 4 (0,20)] [articals_rt] index
[Thu Sep 22 11:32:15.004 2016] 0.000 sec 0.000 sec [ext2/0/ext 4 (0,20)] [articals_rt] @content index
[Thu Sep 22 11:32:38.592 2016] 0.000 sec 0.000 sec [ext2/0/ext 0 (0,20)] [articals_rt] @content "index text"
[Thu Sep 22 11:32:45.567 2016] 0.000 sec 0.000 sec [ext2/0/ext 4 (0,20)] [articals_rt] @content "index text"~10
[Thu Sep 22 11:32:50.787 2016] 0.000 sec 0.000 sec [ext2/0/ext 4 (0,20)] [articals_rt] @content "index text"~100
[Thu Sep 22 11:34:34.495 2016] 0.000 sec 0.000 sec [ext2/0/ext 4 (0,20)] [articals_rt] @content "index text"~100
[Thu Sep 22 12:06:38.415 2016] 0.000 sec 0.000 sec [ext2/0/ext 4 (0,20)] [articals_rt] @content "index text"~100
[Thu Sep 22 12:09:22.120 2016] 0.000 sec 0.000 sec [ext2/0/ext 4 (0,20)] [articals_rt] @content index
[Thu Sep 22 12:20:54.904 2016] 0.000 sec 0.000 sec [ext2/0/ext 2 (0,20)] [articals_rt] @content index data
[Thu Sep 22 12:21:08.151 2016] 0.000 sec 0.000 sec [ext2/0/ext 6 (0,20)] [articals_rt] @content index|data
[Thu Sep 22 12:21:17.419 2016] 0.000 sec 0.000 sec [ext2/0/ext 6 (0,20)] [articals_rt] @content index|data
[Thu Sep 22 12:21:25.518 2016] 0.000 sec 0.000 sec [ext2/0/ext 6 (0,20)] [articals_rt] @content index|data
[Thu Sep 22 14:39:46.856 2016] 0.013 sec 0.013 sec [ext2/0/ext 6 (0,20)] [articals_rt] @content index|data
[Thu Sep 22 14:40:05.106 2016] 0.000 sec 0.000 sec [ext2/0/ext 6 (0,20)] [articals_rt] @content index|data
[Thu Sep 22 14:40:23.625 2016] 0.020 sec 0.020 sec [ext2/0/ext 6 (0,20)] [articals_rt] @content index|data
[Thu Sep 22 14:40:27.109 2016] 0.000 sec 0.000 sec [ext2/0/ext 6 (0,20)] [articals_rt] @content index|data
[Thu Sep 22 14:40:32.708 2016] 0.000 sec 0.000 sec [ext2/0/ext 6 (0,20)] [articals_rt] @content index|data
[Fri Sep 23 14:40:37.356 2016] 0.086 sec 0.086 sec [ext2/0/ext 3 (0,20) @author_id] [articals]
[Fri Sep 23 14:40:50.546 2016] 0.000 sec 0.000 sec [ext2/0/ext 3 (0,20) @author_id] [articals]
[Mon Sep 26 15:01:56.801 2016] 0.020 sec 0.020 sec [ext2/0/rel 4 (0,20)] [*] index
[Mon Sep 26 15:06:22.463 2016] 0.001 sec 0.001 sec [ext2/0/rel 0 (0,20)] [*] index wangmingjie
[Mon Sep 26 15:06:54.718 2016] 0.000 sec 0.000 sec [ext2/0/rel 0 (0,20)] [users] index
[Mon Sep 26 15:07:17.311 2016] 0.000 sec 0.000 sec [ext2/0/rel 0 (0,20)] [users] index luzhong
[Mon Sep 26 15:12:06.970 2016] 0.000 sec 0.000 sec [ext2/0/rel 0 (0,20)] [users] index luzhong
[Mon Sep 26 15:22:54.704 2016] 0.001 sec 0.001 sec [ext2/0/rel 4 (0,20)] [*] index
[Mon Sep 26 15:35:18.116 2016] 0.000 sec 0.000 sec [ext2/0/rel 4 (0,20)] [*] index
[Mon Sep 26 15:49:47.948 2016] 0.001 sec 0.001 sec [ext2/0/rel 4 (0,1)] [*] index
[Mon Sep 26 15:49:52.483 2016] 0.000 sec 0.000 sec [ext2/0/rel 4 (0,1)] [*] index
[Mon Sep 26 15:51:40.189 2016] 0.000 sec 0.000 sec [ext2/0/rel 4 (0,1)] [*] index
[Mon Sep 26 15:51:59.054 2016] 0.001 sec 0.001 sec [ext2/0/rel 4 (1,2)] [*] index
[Mon Sep 26 15:52:30.254 2016] 0.000 sec 0.000 sec [ext2/0/rel 4 (1,1)] [*] index
[Mon Sep 26 15:52:34.093 2016] 0.000 sec 0.000 sec [ext2/0/rel 4 (0,1)] [*] index
[Mon Sep 26 15:52:38.316 2016] 0.000 sec 0.000 sec [ext2/0/rel 4 (1,1)] [*] index
[Mon Sep 26 15:54:41.861 2016] 0.000 sec 0.000 sec [ext2/0/rel 4 (1,1)] [*] index
[Mon Sep 26 16:01:51.417 2016] 0.001 sec 0.001 sec [ext2/0/rel 4 (1,1)] [*] index
[Mon Sep 26 16:02:36.587 2016] 0.025 sec 0.025 sec [ext2/0/rel 1 (1,1)] [*] index
[Mon Sep 26 16:03:08.139 2016] 0.000 sec 0.000 sec [ext2/0/rel 4 (1,1)] [*] index
[Mon Sep 26 16:03:41.593 2016] 0.001 sec 0.001 sec [ext2/0/rel 1 (1,1)] [*] index
[Mon Sep 26 16:04:20.081 2016] 0.000 sec 0.000 sec [ext2/0/rel 4 (1,2)] [*] index
[Mon Sep 26 16:12:40.271 2016] 0.002 sec 0.002 sec [ext2/0/rel 1 (1,2)] [*] index data
[Mon Sep 26 16:12:51.467 2016] 0.001 sec 0.001 sec [ext2/0/rel 2 (1,2)] [*] index data
[Mon Sep 26 16:13:04.875 2016] 0.001 sec 0.001 sec [ext2/0/rel 2 (1,20)] [*] index data
[Mon Sep 26 16:13:17.675 2016] 0.001 sec 0.001 sec [ext2/0/rel 2 (0,20)] [*] index data
[Mon Sep 26 16:13:22.205 2016] 0.001 sec 0.001 sec [ext2/0/rel 2 (1,20)] [*] index data
[Mon Sep 26 16:13:36.913 2016] 0.000 sec 0.000 sec [ext2/0/rel 2 (20,20)] [*] index data
[Mon Sep 26 16:13:47.580 2016] 0.001 sec 0.001 sec [ext2/0/rel 2 (0,20)] [*] index data
[Mon Sep 26 16:14:57.689 2016] 0.020 sec 0.020 sec [ext2/0/rel 7 (0,20)] [*] index data
[Mon Sep 26 16:23:50.898 2016] 0.001 sec 0.001 sec [ext2/0/rel 2 (0,20)] [*] index-data
[Mon Sep 26 16:24:11.553 2016] 0.001 sec 0.001 sec [ext2/0/rel 2 (0,20)] [*] index data
[Tue Sep 27 10:53:00.641 2016] 0.012 sec 0.012 sec [ext2/0/ext 2 (0,20)] [articals] index data
[Tue Sep 27 10:54:59.768 2016] 0.000 sec 0.000 sec [ext2/0/ext 2 (0,20)] [articals] index data
[Tue Sep 27 10:55:56.679 2016] 0.000 sec 0.000 sec [ext2/0/ext 2 (0,20)] [articals] index data
[Tue Sep 27 11:19:26.408 2016] 0.000 sec 0.000 sec [ext2/0/ext 1 (0,20)] [articals] :keywords
[Tue Sep 27 11:19:36.701 2016] 0.000 sec 0.000 sec [ext2/0/ext 1 (0,20)] [articals] :keywords
[Tue Sep 27 11:19:37.708 2016] 0.000 sec 0.000 sec [ext2/0/ext 1 (0,20)] [articals] :keywords
[Tue Sep 27 11:19:53.014 2016] 0.000 sec 0.000 sec [ext2/0/ext 1 (0,20)] [articals] :keywords
[Tue Sep 27 11:19:55.827 2016] 0.000 sec 0.000 sec [ext2/0/ext 1 (0,20)] [articals] :keywords
[Tue Sep 27 11:20:56.445 2016] 0.000 sec 0.000 sec [ext2/0/ext 1 (0,20)] [articals] :keywords
[Tue Sep 27 11:21:52.201 2016] 0.000 sec 0.000 sec [ext2/0/ext 4 (0,20)] [articals] index
[Tue Sep 27 11:23:45.346 2016] 0.000 sec 0.000 sec [ext2/0/ext 2 (0,20)] [articals] index data
[Tue Sep 27 12:21:38.626 2016] 0.000 sec 0.000 sec [ext2/0/ext 2 (0,20)] [articals] index data
[Tue Sep 27 12:27:55.229 2016] 0.000 sec 0.000 sec [ext2/0/ext 2 (0,20)] [articals] index data
[Tue Sep 27 12:30:00.880 2016] 0.000 sec 0.000 sec [ext2/0/ext 2 (0,20)] [articals] index data
[Tue Sep 27 12:31:56.997 2016] 0.000 sec 0.000 sec [ext2/0/ext 2 (0,20)] [articals] index data
[Tue Sep 27 12:32:26.825 2016] 0.000 sec 0.000 sec [ext2/0/ext 1 (0,20)] [articals] index data
[Tue Sep 27 12:32:52.022 2016] 0.000 sec 0.000 sec [ext2/0/ext 2 (0,20)] [articals] index data
[Tue Sep 27 12:33:39.250 2016] 0.014 sec 0.014 sec [ext2/0/ext 1 (0,20) @created_at] [articals] index data
[Tue Sep 27 12:34:31.536 2016] 0.000 sec 0.000 sec [ext2/0/ext 1 (0,20) @created_at] [articals] index data
[Tue Sep 27 12:34:46.600 2016] 0.000 sec 0.000 sec [ext2/0/ext 2 (0,20) @author_id] [articals] index data
[Tue Sep 27 12:36:19.299 2016] 0.013 sec 0.013 sec [ext2/0/ext 2 (0,20) @author_id] [articals] index data
[Tue Sep 27 12:38:14.228 2016] 0.001 sec 0.001 sec [ext2/0/ext 2 (0,20) @author_id] [articals] index data
[Tue Sep 27 12:38:25.221 2016] 0.000 sec 0.000 sec [ext2/0/ext 2 (0,20) @author_id] [articals] index data
[Tue Sep 27 12:39:02.930 2016] 0.000 sec 0.000 sec [ext2/0/ext 2 (0,20) @author_id] [articals] index data
[Tue Sep 27 12:39:15.447 2016] 0.001 sec 0.001 sec [ext2/0/ext 2 (0,20) @author_id] [articals] index data
[Tue Sep 27 12:39:33.079 2016] 0.000 sec 0.000 sec [ext2/0/ext 2 (0,20) @author_id] [articals] index data
[Tue Sep 27 12:39:49.398 2016] 0.000 sec 0.000 sec [ext2/0/ext 2 (0,20) @author_id] [articals] index data
[Tue Sep 27 12:39:59.367 2016] 0.000 sec 0.000 sec [ext2/0/ext 2 (0,20) @author_id] [articals] index data
[Tue Sep 27 12:45:06.618 2016] 0.001 sec 0.001 sec [ext2/0/ext 2 (0,20) @author_id] [articals] index data
[Tue Sep 27 13:59:27.091 2016] 0.001 sec 0.001 sec [ext2/0/ext 2 (0,20) @author_id] [articals] index data
[Tue Sep 27 14:00:33.219 2016] 0.000 sec 0.000 sec [ext2/0/ext 2 (0,20) @author_id] [articals] index data
[Tue Sep 27 14:03:36.506 2016] 0.001 sec 0.001 sec [ext2/0/ext 2 (0,20) @author_id] [articals] index data
[Tue Sep 27 14:03:44.726 2016] 0.000 sec 0.000 sec [ext2/0/ext 2 (0,20) @author_id] [articals] index data
[Tue Sep 27 14:04:19.001 2016] 0.000 sec 0.000 sec [ext2/0/ext 1 (0,20) @created_at] [articals] index data
[Tue Sep 27 14:04:32.685 2016] 0.024 sec 0.024 sec [ext2/0/ext 2 (0,20) @created_at] [articals] index data
[Tue Sep 27 14:05:56.525 2016] 0.001 sec 0.001 sec [ext2/0/ext 2 (0,20) @created_at] [articals] index data
[Tue Sep 27 14:09:31.941 2016] 0.001 sec 0.001 sec [ext2/0/ext 2 (0,20) @created_at] [articals] index data
[Tue Sep 27 14:10:05.393 2016] 0.001 sec 0.001 sec [ext2/0/ext 2 (0,20) @created_at] [articals] index data
[Tue Sep 27 14:10:49.420 2016] 0.001 sec 0.001 sec [ext2/0/ext 2 (0,20) @created_at] [articals] index data
[Tue Sep 27 14:12:07.286 2016] 0.001 sec 0.001 sec [ext2/0/ext 1 (0,20) @created_at] [articals] index data
[Tue Sep 27 14:43:54.297 2016] 0.001 sec 0.001 sec [ext2/0/ext 1 (0,20) @created_at] [articals] index data
[Tue Sep 27 14:48:59.175 2016] 0.001 sec 0.001 sec [ext2/0/ext 1 (0,20) @created_at] [articals] index data
[Tue Sep 27 14:49:00.181 2016] 0.000 sec 0.000 sec [ext2/0/ext 1 (0,20) @created_at] [articals] index data
[Tue Sep 27 14:49:24.918 2016] 0.001 sec 0.001 sec [ext2/0/ext 1 (0,20) @created_at] [articals] index data
[Tue Sep 27 14:49:39.221 2016] 0.001 sec 0.001 sec [ext2/0/ext 2 (0,20) @created_at] [articals] index data
[Tue Sep 27 14:52:45.150 2016] 0.001 sec 0.001 sec [ext2/0/ext 2 (0,20) @created_at] [articals] index data
[Tue Sep 27 14:53:07.220 2016] 0.001 sec 0.001 sec [ext2/0/ext 2 (0,20) @created_at] [articals] index data
[Tue Sep 27 14:53:16.482 2016] 0.001 sec 0.001 sec [ext2/0/ext 2 (0,20) @created_at] [articals] index data
[Tue Sep 27 14:53:31.697 2016] 0.001 sec 0.001 sec [ext2/0/ext 2 (0,20) @created_at] [articals] index data
[Tue Sep 27 15:01:51.772 2016] 0.000 sec 0.000 sec [ext2/0/ext 9 (0,20)] [articals]
[Tue Sep 27 15:06:13.164 2016] 0.002 sec 0.002 sec [ext2/0/ext 2 (0,20) @created_at] [articals] index data
[Tue Sep 27 15:06:47.434 2016] 0.001 sec 0.001 sec [ext2/0/ext 2 (0,20) @created_at] [articals] index data
[Tue Sep 27 15:10:56.416 2016] 0.001 sec 0.001 sec [ext2/0/ext 2 (0,20) @created_at] [articals] index data
[Tue Sep 27 15:13:02.542 2016] 0.001 sec 0.001 sec [ext2/0/ext 2 (0,20) @created_at] [articals] index data
[Tue Sep 27 17:16:57.153 2016] 0.000 sec 0.000 sec [ext2/0/ext 9 (0,20)] [articals]
[Tue Sep 27 17:18:13.984 2016] 0.000 sec 0.000 sec [ext2/0/ext 9 (0,20)] [articals]
[Tue Sep 27 17:18:15.226 2016] 0.000 sec 0.000 sec [ext2/0/ext 9 (0,20)] [articals]
[Tue Sep 27 17:18:15.941 2016] 0.000 sec 0.000 sec [ext2/0/ext 9 (0,20)] [articals]
[Tue Sep 27 17:29:10.915 2016] 0.000 sec 0.000 sec [ext2/0/ext 4 (0,20)] [users]
[Tue Sep 27 17:32:17.948 2016] 0.000 sec 0.000 sec [ext2/0/ext 0 (0,20)] [users] @articals index
[Tue Sep 27 17:32:28.290 2016] 0.000 sec 0.000 sec [ext2/0/ext 1 (0,20)] [users] @articals data
[Tue Sep 27 17:34:05.109 2016] 0.000 sec 0.000 sec [ext2/0/ext 1 (0,20)] [users] @articals data
[Tue Sep 27 17:34:09.818 2016] 0.000 sec 0.000 sec [ext2/0/ext 2 (0,20)] [users] @articals index
[Tue Sep 27 17:34:32.153 2016] 0.000 sec 0.000 sec [ext2/0/ext 0 (0,20)] [users] @articals index data
[Tue Sep 27 17:34:40.089 2016] 0.000 sec 0.000 sec [ext2/0/ext 0 (0,20)] [users] @articals data index
[Tue Sep 27 17:34:51.778 2016] 0.000 sec 0.000 sec [ext2/0/ext 2 (0,20)] [users] @articals  index
[Tue Sep 27 17:36:26.041 2016] 0.000 sec 0.000 sec [ext2/0/ext 0 (0,20)] [users] @articals  queries
[Tue Sep 27 17:38:30.732 2016] 0.000 sec 0.000 sec [ext2/0/ext 0 (0,20)] [users] @articals  queries
[Tue Sep 27 17:38:31.592 2016] 0.000 sec 0.000 sec [ext2/0/ext 0 (0,20)] [users] @articals  queries
[Tue Sep 27 17:38:37.412 2016] 0.000 sec 0.000 sec [ext2/0/ext 2 (0,20)] [users] @articals  index
[Tue Sep 27 17:40:27.886 2016] 0.000 sec 0.000 sec [ext2/0/ext 2 (0,20)] [users] @articals  index
[Tue Sep 27 17:41:43.131 2016] 0.000 sec 0.000 sec [ext2/0/ext 2 (0,20)] [users] @articals  queries
[Wed Sep 28 15:45:42.867 2016] 0.000 sec 0.000 sec [ext2/0/ext 4 (0,20)] [users]
[Wed Sep 28 16:14:48.059 2016] 0.000 sec 0.000 sec [ext2/0/ext 3 (0,20)] [users]
[Wed Sep 28 16:18:57.848 2016] 0.000 sec 0.000 sec [ext2/0/ext 3 (0,20)] [users]
[Wed Sep 28 16:19:00.603 2016] 0.000 sec 0.000 sec [ext2/0/ext 1 (0,20)] [users_inc]
[Wed Sep 28 16:19:05.029 2016] 0.000 sec 0.000 sec [ext2/0/ext 1 (0,20)] [users_inc]
[Wed Sep 28 16:19:05.878 2016] 0.000 sec 0.000 sec [ext2/0/ext 1 (0,20)] [users_inc]
[Wed Sep 28 16:19:06.613 2016] 0.000 sec 0.000 sec [ext2/0/ext 1 (0,20)] [users_inc]
[Wed Sep 28 16:29:20.039 2016] 0.000 sec 0.000 sec [ext2/0/ext 1 (0,20)] [users_inc]
[Wed Sep 28 16:29:21.427 2016] 0.000 sec 0.000 sec [ext2/0/ext 1 (0,20)] [users_inc]
[Wed Sep 28 16:29:22.128 2016] 0.000 sec 0.000 sec [ext2/0/ext 1 (0,20)] [users_inc]
[Wed Sep 28 16:29:27.097 2016] 0.000 sec 0.000 sec [ext2/0/ext 1 (0,20)] [users_inc]
[Wed Sep 28 16:29:27.700 2016] 0.000 sec 0.000 sec [ext2/0/ext 1 (0,20)] [users_inc]
[Wed Sep 28 16:29:28.213 2016] 0.000 sec 0.000 sec [ext2/0/ext 1 (0,20)] [users_inc]
[Wed Sep 28 16:29:28.739 2016] 0.000 sec 0.000 sec [ext2/0/ext 1 (0,20)] [users_inc]
[Wed Sep 28 16:29:29.238 2016] 0.000 sec 0.000 sec [ext2/0/ext 1 (0,20)] [users_inc]
[Wed Sep 28 16:29:29.763 2016] 0.000 sec 0.000 sec [ext2/0/ext 1 (0,20)] [users_inc]
[Wed Sep 28 16:29:30.315 2016] 0.000 sec 0.000 sec [ext2/0/ext 1 (0,20)] [users_inc]
[Wed Sep 28 16:29:30.863 2016] 0.000 sec 0.000 sec [ext2/0/ext 1 (0,20)] [users_inc]
[Wed Sep 28 16:29:31.440 2016] 0.000 sec 0.000 sec [ext2/0/ext 1 (0,20)] [users_inc]
[Wed Sep 28 16:29:32.033 2016] 0.000 sec 0.000 sec [ext2/0/ext 1 (0,20)] [users_inc]
[Wed Sep 28 16:29:32.611 2016] 0.000 sec 0.000 sec [ext2/0/ext 1 (0,20)] [users_inc]
[Wed Sep 28 16:29:36.309 2016] 0.000 sec 0.000 sec [ext2/0/ext 3 (0,20)] [users]
[Wed Sep 28 16:29:42.986 2016] 0.000 sec 0.000 sec [ext2/0/ext 1 (0,20)] [users_inc]
[Wed Sep 28 16:29:59.305 2016] 0.000 sec 0.000 sec [ext2/0/ext 1 (0,20)] [users_inc]
[Wed Sep 28 16:49:19.258 2016] 0.000 sec 0.000 sec [ext2/0/ext 1 (0,20)] [users_inc]
[Wed Sep 28 16:50:47.055 2016] 0.000 sec 0.000 sec [ext2/0/ext 1 (0,20)] [users_inc]
[Wed Sep 28 16:50:48.645 2016] 0.000 sec 0.000 sec [ext2/0/ext 4 (0,20)] [users]
[Wed Sep 28 16:52:16.432 2016] 0.000 sec 0.000 sec [ext2/0/ext 4 (0,20)] [users]
[Wed Sep 28 16:54:05.478 2016] 0.002 sec 0.002 sec [ext2/0/ext 0 (0,20) @created_at] [users] hhhhh
[Wed Sep 28 16:55:49.888 2016] 0.000 sec 0.000 sec [ext2/0/ext 4 (0,20)] [users]
[Wed Sep 28 16:55:50.878 2016] 0.000 sec 0.000 sec [ext2/0/ext 4 (0,20)] [users]
[Wed Sep 28 16:58:53.346 2016] 0.000 sec 0.000 sec [ext2/0/ext 4 (0,20)] [users]
[Wed Sep 28 17:00:19.720 2016] 0.000 sec 0.000 sec [ext2/0/ext 4 (0,20)] [users]
[Wed Sep 28 17:00:21.251 2016] 0.000 sec 0.000 sec [ext2/0/ext 4 (0,20)] [users]
[Wed Sep 28 17:00:22.037 2016] 0.000 sec 0.000 sec [ext2/0/ext 4 (0,20)] [users]
[Wed Sep 28 17:00:22.597 2016] 0.000 sec 0.000 sec [ext2/0/ext 4 (0,20)] [users]
[Wed Sep 28 17:00:23.114 2016] 0.000 sec 0.000 sec [ext2/0/ext 4 (0,20)] [users]
[Wed Sep 28 17:00:23.678 2016] 0.000 sec 0.000 sec [ext2/0/ext 4 (0,20)] [users]
[Wed Sep 28 17:00:24.269 2016] 0.000 sec 0.000 sec [ext2/0/ext 4 (0,20)] [users]
[Wed Sep 28 17:00:58.891 2016] 0.000 sec 0.000 sec [ext2/0/ext 4 (0,20)] [users]
[Wed Sep 28 17:00:59.775 2016] 0.000 sec 0.000 sec [ext2/0/ext 4 (0,20)] [users]
[Wed Sep 28 17:01:00.480 2016] 0.000 sec 0.000 sec [ext2/0/ext 4 (0,20)] [users]
[Wed Sep 28 17:02:01.317 2016] 0.000 sec 0.000 sec [ext2/0/ext 4 (0,20)] [users]
[Wed Sep 28 17:02:02.297 2016] 0.000 sec 0.000 sec [ext2/0/ext 4 (0,20)] [users]
[Wed Sep 28 17:08:38.714 2016] 0.000 sec 0.000 sec [ext2/0/ext 4 (0,20)] [users]
[Wed Sep 28 17:14:08.515 2016] 0.000 sec 0.000 sec [ext2/0/ext 4 (0,20)] [users]
[Wed Sep 28 17:38:15.390 2016] 0.000 sec 0.000 sec [ext2/0/ext 4 (0,20)] [users]
[Wed Sep 28 17:38:50.331 2016] 0.000 sec 0.000 sec [ext2/1/ext 2 (0,20)] [users]
[Thu Sep 29 10:10:49.050 2016] 0.000 sec 0.000 sec [ext2/0/ext 3 (0,20)] [users]
[Thu Sep 29 10:11:21.537 2016] 0.027 sec 0.027 sec [ext2/1/ext 0 (0,20)] [users]
[Thu Sep 29 10:11:28.341 2016] 0.000 sec 0.000 sec [ext2/1/ext 1 (0,20)] [users]
[Thu Sep 29 10:11:36.607 2016] 0.000 sec 0.000 sec [ext2/1/ext 2 (0,20)] [users]
[Thu Sep 29 10:23:28.306 2016] 0.000 sec 0.000 sec [ext2/0/ext 9 (0,20)] [articals]
[Thu Sep 29 10:25:47.419 2016] 0.000 sec 0.000 sec [ext2/0/ext 9 (0,20)] [articals]
[Thu Sep 29 10:26:01.865 2016] 0.000 sec 0.000 sec [ext2/1/ext 4 (0,20)] [articals]
[Thu Sep 29 11:01:09.064 2016] 0.010 sec 0.010 sec [ext2/0/ext 6 (0,20)] [articals] @html_file sql
[Thu Sep 29 11:01:25.748 2016] 0.000 sec 0.000 sec [ext2/0/ext 1 (0,20)] [articals] @html_file sql_field_string
[Thu Sep 29 11:14:08.572 2016] 0.000 sec 0.000 sec [ext2/0/ext 3 (0,20)] [users]
[Thu Sep 29 11:14:13.757 2016] 0.000 sec 0.000 sec [ext2/0/ext 1 (0,20)] [users_inc]
[Thu Sep 29 11:17:36.602 2016] 0.000 sec 0.000 sec [ext2/0/ext 1 (0,20)] [users_inc]
[Thu Sep 29 11:24:27.180 2016] 0.000 sec 0.000 sec [ext2/0/ext 1 (0,20)] [users_inc]
[Thu Sep 29 11:25:53.589 2016] 0.000 sec 0.000 sec [ext2/0/ext 3 (0,20)] [users]
[Thu Sep 29 11:26:14.896 2016] 0.000 sec 0.000 sec [ext2/1/ext 1 (0,20)] [users]
[Thu Sep 29 11:28:36.764 2016] 0.000 sec 0.000 sec [ext2/0/ext 2 (0,20)] [users_inc]
[Thu Sep 29 11:29:09.615 2016] 0.000 sec 0.000 sec [ext2/0/ext 4 (0,20)] [users]
[Thu Sep 29 11:29:38.588 2016] 0.000 sec 0.000 sec [ext2/0/ext 1 (0,20)] [users_inc]
[Thu Sep 29 14:34:26.645 2016] 0.000 sec 0.000 sec [ext2/0/ext 0 (0,20)] [articals] @content index
[Thu Sep 29 14:34:44.603 2016] 0.000 sec 0.000 sec [ext2/0/ext 0 (0,20)] [articals] @content index
[Thu Sep 29 14:34:47.772 2016] 0.000 sec 0.000 sec [ext2/0/ext 0 (0,20)] [articals] @content indexes
[Thu Sep 29 14:34:55.533 2016] 0.000 sec 0.000 sec [ext2/0/ext 1 (0,20)] [articals] @title index
[Thu Sep 29 14:35:01.387 2016] 0.000 sec 0.000 sec [ext2/0/ext 1 (0,20)] [articals] @title indexes
[Thu Sep 29 14:37:54.760 2016] 0.000 sec 0.000 sec [ext2/0/ext 2 (0,20)] [articals] @title indexes
[Thu Sep 29 14:39:30.454 2016] 0.000 sec 0.000 sec [ext2/0/ext 0 (0,20)] [articals] @title inde*
[Thu Sep 29 14:39:46.287 2016] 0.017 sec 0.017 sec [ext2/0/ext 0 (0,20)] [articals] @title ^inde
[Thu Sep 29 14:39:48.349 2016] 0.000 sec 0.000 sec [ext2/0/ext 0 (0,20)] [articals] @title ^inde
[Thu Sep 29 14:39:50.685 2016] 0.000 sec 0.000 sec [ext2/0/ext 0 (0,20)] [articals] @title ^ind
[Thu Sep 29 14:42:30.184 2016] 0.000 sec 0.000 sec [ext2/0/ext 1 (0,20)] [articals] @title ^index
[Thu Sep 29 14:45:26.589 2016] 0.000 sec 0.000 sec [ext2/0/ext 0 (0,20)] [articals] @title ^ind
[Thu Sep 29 14:46:11.842 2016] 0.000 sec 0.000 sec [ext2/0/ext 0 (0,20)] [articals] @title ind%
[Thu Sep 29 14:46:16.931 2016] 0.000 sec 0.000 sec [ext2/0/ext 2 (0,20)] [articals] @title index%
[Thu Sep 29 14:46:29.473 2016] 0.000 sec 0.000 sec [ext2/0/ext 2 (0,20)] [articals] @title %index%
[Thu Sep 29 14:46:33.573 2016] 0.000 sec 0.000 sec [ext2/0/ext 0 (0,20)] [articals] @title %i%
[Thu Sep 29 14:46:38.305 2016] 0.000 sec 0.000 sec [ext2/0/ext 0 (0,20)] [articals] @title %in%
[Thu Sep 29 14:46:41.852 2016] 0.000 sec 0.000 sec [ext2/0/ext 0 (0,20)] [articals] @title %ind%
[Thu Sep 29 14:46:44.381 2016] 0.000 sec 0.000 sec [ext2/0/ext 0 (0,20)] [articals] @title %inde%
[Thu Sep 29 14:46:46.607 2016] 0.000 sec 0.000 sec [ext2/0/ext 2 (0,20)] [articals] @title %index%
[Thu Sep 29 14:47:09.109 2016] 0.000 sec 0.000 sec [ext2/0/ext 2 (0,20)] [articals] @title index*
[Thu Sep 29 14:47:12.119 2016] 0.000 sec 0.000 sec [ext2/0/ext 2 (0,20)] [articals] @title indexes*
[Thu Sep 29 14:47:17.160 2016] 0.000 sec 0.000 sec [ext2/0/ext 2 (0,20)] [articals] @title index*
[Thu Sep 29 14:47:27.132 2016] 0.000 sec 0.000 sec [ext2/0/ext 2 (0,20)] [articals] @title index?
[Thu Sep 29 14:47:54.129 2016] 0.053 sec 0.053 sec [ext2/0/ext 0 (0,20)] [articals] @title in?ex
[Thu Sep 29 14:48:06.489 2016] 0.000 sec 0.000 sec [ext2/0/ext 0 (0,20)] [articals] @title in?ex*
[Thu Sep 29 14:49:15.755 2016] 0.000 sec 0.000 sec [ext2/0/ext 0 (0,20)] [articals] @title in?ex%
[Thu Sep 29 14:49:18.494 2016] 0.000 sec 0.000 sec [ext2/0/ext 2 (0,20)] [articals] @title index%
[Thu Sep 29 14:49:21.339 2016] 0.000 sec 0.000 sec [ext2/0/ext 2 (0,20)] [articals] @title index*
[Thu Sep 29 14:49:41.031 2016] 0.000 sec 0.000 sec [ext2/0/ext 0 (0,20)] [articals] @title inde%
[Thu Sep 29 14:49:53.303 2016] 0.000 sec 0.000 sec [ext2/0/ext 0 (0,20)] [articals] @title i%
[Thu Sep 29 15:06:00.095 2016] 0.015 sec 0.015 sec [ext2/0/ext 2 (0,20)] [articals] @title i*
[Thu Sep 29 15:06:08.927 2016] 0.000 sec 0.000 sec [ext2/0/ext 2 (0,20)] [articals] @title inde*
[Thu Sep 29 15:06:13.453 2016] 0.000 sec 0.000 sec [ext2/0/ext 2 (0,20)] [articals] @title *inde*
[Thu Sep 29 15:06:23.292 2016] 0.000 sec 0.000 sec [ext2/0/ext 0 (0,20)] [articals] @title *ddinde*
[Thu Sep 29 15:06:26.135 2016] 0.000 sec 0.000 sec [ext2/0/ext 0 (0,20)] [articals] @title *dinde*
[Thu Sep 29 15:06:29.361 2016] 0.000 sec 0.000 sec [ext2/0/ext 2 (0,20)] [articals] @title inde*
[Thu Sep 29 15:12:28.354 2016] 0.000 sec 0.000 sec [ext2/0/ext 2 (0,20)] [articals] @title inde*
[Thu Sep 29 15:17:57.858 2016] 0.000 sec 0.000 sec [ext2/0/ext 2 (0,20)] [articals] @title inde*
[Thu Sep 29 15:21:24.418 2016] 0.000 sec 0.000 sec [ext2/0/ext 2 (0,20)] [articals] @title index*
[Thu Sep 29 15:21:25.258 2016] 0.000 sec 0.000 sec [ext2/0/ext 2 (0,20)] [articals] @title index*
[Thu Sep 29 15:21:27.109 2016] 0.000 sec 0.000 sec [ext2/0/ext 2 (0,20)] [articals] @title index*
[Thu Sep 29 15:21:27.775 2016] 0.000 sec 0.000 sec [ext2/0/ext 2 (0,20)] [articals] @title index*
[Thu Sep 29 15:21:28.342 2016] 0.000 sec 0.000 sec [ext2/0/ext 2 (0,20)] [articals] @title index*
[Thu Sep 29 15:21:28.758 2016] 0.000 sec 0.000 sec [ext2/0/ext 2 (0,20)] [articals] @title index*
[Thu Sep 29 15:21:29.099 2016] 0.000 sec 0.000 sec [ext2/0/ext 2 (0,20)] [articals] @title index*
[Thu Sep 29 15:21:34.567 2016] 0.000 sec 0.000 sec [ext2/0/ext 0 (0,20)] [articals] @content  index*
[Thu Sep 29 15:21:40.363 2016] 0.000 sec 0.000 sec [ext2/0/ext 0 (0,20)] [articals] @content  *index*
[Thu Sep 29 15:21:45.223 2016] 0.000 sec 0.000 sec [ext2/0/ext 0 (0,20)] [articals] @content  index*
[Thu Sep 29 15:21:46.149 2016] 0.000 sec 0.000 sec [ext2/0/ext 0 (0,20)] [articals] @content  index*
[Thu Sep 29 15:21:46.767 2016] 0.000 sec 0.000 sec [ext2/0/ext 0 (0,20)] [articals] @content  index*
[Thu Sep 29 15:30:18.574 2016] 0.000 sec 0.000 sec [ext2/0/ext 0 (0,20)] [articals] @content  index*
[Thu Sep 29 15:30:20.466 2016] 0.000 sec 0.000 sec [ext2/0/ext 0 (0,20)] [articals] @content  index*
[Thu Sep 29 15:31:01.182 2016] 0.000 sec 0.000 sec [ext2/0/ext 0 (0,20)] [articals] @content  index*
[Thu Sep 29 15:31:09.744 2016] 0.000 sec 0.000 sec [ext2/0/ext 2 (0,20)] [articals] @title  index*
[Thu Sep 29 15:33:37.714 2016] 0.008 sec 0.008 sec [ext2/0/ext 2 (0,20)] [articals] @title  index*
[Thu Sep 29 15:34:01.327 2016] 0.000 sec 0.000 sec [ext2/0/ext 1 (0,20)] [articals] @title  indexes*
[Thu Sep 29 15:35:04.495 2016] 0.000 sec 0.000 sec [ext2/0/ext 1 (0,20)] [articals] @title  indexes*
[Thu Sep 29 15:35:05.762 2016] 0.000 sec 0.000 sec [ext2/0/ext 1 (0,20)] [articals] @title  indexes*
[Thu Sep 29 15:35:06.371 2016] 0.000 sec 0.000 sec [ext2/0/ext 1 (0,20)] [articals] @title  indexes*
[Thu Sep 29 15:35:06.910 2016] 0.000 sec 0.000 sec [ext2/0/ext 1 (0,20)] [articals] @title  indexes*
[Thu Sep 29 15:35:07.475 2016] 0.000 sec 0.000 sec [ext2/0/ext 1 (0,20)] [articals] @title  indexes*
[Thu Sep 29 15:35:23.570 2016] 0.000 sec 0.000 sec [ext2/0/ext 1 (0,20)] [articals] @title  indexe*
[Thu Sep 29 15:35:27.040 2016] 0.000 sec 0.000 sec [ext2/0/ext 2 (0,20)] [articals] @title  index*
[Thu Sep 29 15:40:28.415 2016] 0.000 sec 0.000 sec [ext2/0/ext 0 (0,20)] [articals] @title  indexex
[Thu Sep 29 15:40:31.143 2016] 0.000 sec 0.000 sec [ext2/0/ext 2 (0,20)] [articals] @title  indexes
[Thu Sep 29 15:45:15.159 2016] 0.000 sec 0.000 sec [ext2/0/ext 1 (0,20)] [articals] @title  indexes*
[Thu Sep 29 15:45:16.423 2016] 0.000 sec 0.000 sec [ext2/0/ext 1 (0,20)] [articals] @title  indexes*
[Thu Sep 29 15:45:18.746 2016] 0.000 sec 0.000 sec [ext2/0/ext 2 (0,20)] [articals] @title  index*
[Thu Sep 29 15:45:22.090 2016] 0.000 sec 0.000 sec [ext2/0/ext 1 (0,20)] [articals] @title  indexes*
[Thu Sep 29 15:45:23.762 2016] 0.000 sec 0.000 sec [ext2/0/ext 1 (0,20)] [articals] @title  indexes*
[Thu Sep 29 15:57:56.970 2016] 0.001 sec 0.001 sec [ext2/0/ext 0 (0,20)] [articals] @content  index SENTENCE data
[Thu Sep 29 15:58:49.218 2016] 0.001 sec 0.001 sec [ext2/0/ext 0 (0,20)] [articals] @content  index  SENTENCE text
[Thu Sep 29 15:58:57.875 2016] 0.000 sec 0.000 sec [ext2/0/ext 0 (0,20)] [articals] @content  index  SENTENCE text
[Thu Sep 29 15:58:59.527 2016] 0.000 sec 0.000 sec [ext2/0/ext 0 (0,20)] [articals] @content  index  SENTENCE text
[Thu Sep 29 15:59:00.224 2016] 0.000 sec 0.000 sec [ext2/0/ext 0 (0,20)] [articals] @content  index  SENTENCE text
[Thu Sep 29 15:59:00.792 2016] 0.000 sec 0.000 sec [ext2/0/ext 0 (0,20)] [articals] @content  index  SENTENCE text
[Thu Sep 29 16:00:04.131 2016] 0.000 sec 0.000 sec [ext2/0/ext 0 (0,20)] [articals] @content  index  SENTENCE text
[Thu Sep 29 16:00:29.649 2016] 0.000 sec 0.000 sec [ext2/0/ext 0 (0,20)] [articals] @content  index SENTENCE text
[Thu Sep 29 16:00:33.688 2016] 0.000 sec 0.000 sec [ext2/0/ext 0 (0,20)] [articals] @content  index text
[Thu Sep 29 16:00:41.105 2016] 0.000 sec 0.000 sec [ext2/0/ext 0 (0,20)] [articals] @content  index text
[Thu Sep 29 16:00:47.116 2016] 0.000 sec 0.000 sec [ext2/0/ext 0 (0,20)] [articals] @content  index data
[Thu Sep 29 16:00:51.173 2016] 0.000 sec 0.000 sec [ext2/0/ext 0 (0,20)] [articals] @content  index
[Thu Sep 29 16:01:56.199 2016] 0.000 sec 0.000 sec [ext2/0/ext 7 (0,20)] [articals] @content  index
[Thu Sep 29 16:02:07.471 2016] 0.000 sec 0.000 sec [ext2/0/ext 6 (0,20)] [articals] @content  index SENTENCE text
[Thu Sep 29 16:02:14.386 2016] 0.001 sec 0.001 sec [ext2/0/ext 6 (0,20)] [articals] @content  index  text
[Thu Sep 29 16:02:33.958 2016] 0.000 sec 0.000 sec [ext2/0/ext 2 (0,20)] [articals] @content  index SENTENCE data
[Thu Sep 29 16:02:38.490 2016] 0.000 sec 0.000 sec [ext2/0/ext 4 (0,20)] [articals] @content  index  data
[Thu Sep 29 16:04:55.267 2016] 0.001 sec 0.001 sec [ext2/0/ext 0 (0,20)] [articals] @content  index PARAGRAPHS  data
[Thu Sep 29 16:16:58.675 2016] 0.001 sec 0.001 sec [ext2/0/ext 0 (0,20)] [articals] @html_file  index PARAGRAPHS  data
[Thu Sep 29 16:17:19.315 2016] 0.000 sec 0.000 sec [ext2/0/ext 0 (0,20)] [articals] @html_file  index PARAGRAPHS  data
[Thu Sep 29 16:17:22.942 2016] 0.000 sec 0.000 sec [ext2/0/ext 0 (0,20)] [articals] @html_file  index PARAGRAPH  data
[Thu Sep 29 16:21:15.481 2016] 0.001 sec 0.001 sec [ext2/0/ext 0 (0,20)] [articals] @html_file  string PARAGRAPH  attribute
[Thu Sep 29 16:21:47.607 2016] 0.001 sec 0.001 sec [ext2/0/ext 2 (0,20)] [articals] @html_file  string PARAGRAPH  attribute
[Thu Sep 29 16:28:43.583 2016] 0.001 sec 0.001 sec [ext2/0/ext 0 (0,20)] [articals] @html_file  ZONE p  attribute
[Thu Sep 29 16:31:02.377 2016] 0.000 sec 0.000 sec [ext2/0/ext 0 (0,20)] [articals] @html_file ZONE:] attribute
[Thu Sep 29 16:31:04.670 2016] 0.000 sec 0.000 sec [ext2/0/ext 0 (0,20)] [articals] @html_file ZONE:] attribute
[Thu Sep 29 16:31:08.443 2016] 0.000 sec 0.000 sec [ext2/0/ext 0 (0,20)] [articals] @html_file ZONE: attribute
[Thu Sep 29 16:34:27.265 2016] 0.001 sec 0.001 sec [ext2/0/ext 0 (0,20)] [articals] @html_file attributeZONE:(p)
[Thu Sep 29 16:34:44.879 2016] 0.000 sec 0.000 sec [ext2/0/ext 0 (0,20)] [articals] @html_file attributeZONE:(p,h1)
[Thu Sep 29 16:42:55.682 2016] 0.001 sec 0.001 sec [ext2/0/ext 9 (0,20)] [articals] a
[Thu Sep 29 16:43:00.391 2016] 0.000 sec 0.000 sec [ext2/0/ext 9 (0,20)] [articals] a
[Thu Sep 29 16:56:12.952 2016] 0.000 sec 0.000 sec [ext2/0/ext 0 (0,20)] [articals] a
[Thu Sep 29 16:56:14.047 2016] 0.000 sec 0.000 sec [ext2/0/ext 0 (0,20)] [articals] a
[Thu Sep 29 16:56:15.006 2016] 0.000 sec 0.000 sec [ext2/0/ext 0 (0,20)] [articals] a
[Thu Sep 29 16:56:15.746 2016] 0.000 sec 0.000 sec [ext2/0/ext 0 (0,20)] [articals] a
[Thu Sep 29 16:56:19.960 2016] 0.000 sec 0.000 sec [ext2/0/ext 0 (0,20)] [articals] the
[Thu Sep 29 16:56:23.529 2016] 0.000 sec 0.000 sec [ext2/0/ext 0 (0,20)] [articals] index
[Thu Sep 29 16:56:29.593 2016] 0.000 sec 0.000 sec [ext2/0/ext 0 (0,20)] [articals] index
[Thu Sep 29 16:56:30.222 2016] 0.000 sec 0.000 sec [ext2/0/ext 0 (0,20)] [articals] index
[Thu Sep 29 16:56:34.601 2016] 0.000 sec 0.000 sec [ext2/0/ext 7 (0,20)] [articals] index data
[Thu Sep 29 16:56:38.922 2016] 0.000 sec 0.000 sec [ext2/0/ext 7 (0,20)] [articals] data
[Thu Sep 29 16:56:39.807 2016] 0.000 sec 0.000 sec [ext2/0/ext 7 (0,20)] [articals] data
[Thu Sep 29 16:56:41.115 2016] 0.000 sec 0.000 sec [ext2/0/ext 7 (0,20)] [articals] data
[Thu Sep 29 16:56:44.705 2016] 0.000 sec 0.000 sec [ext2/0/ext 0 (0,20)] [articals] index
[Thu Sep 29 16:59:23.273 2016] 0.000 sec 0.000 sec [ext2/0/ext 0 (0,20)] [articals] "index"
[Thu Sep 29 16:59:30.654 2016] 0.000 sec 0.000 sec [ext2/0/ext 0 (0,20)] [articals] "indexex"
[Thu Sep 29 16:59:33.246 2016] 0.000 sec 0.000 sec [ext2/0/ext 0 (0,20)] [articals] "indexes"
[Thu Sep 29 17:09:53.929 2016] 0.002 sec 0.002 sec [ext2/0/ext 6 (0,20)] [articals] SQL
[Thu Sep 29 17:14:19.706 2016] 0.003 sec 0.003 sec [ext2/0/ext 7 (0,20)] [articals] SQL
[Thu Sep 29 17:14:46.100 2016] 0.000 sec 0.000 sec [ext2/0/ext 7 (0,20)] [articals] Structured Query Language
[Thu Sep 29 17:14:55.814 2016] 0.000 sec 0.000 sec [ext2/0/ext 0 (0,20)] [articals] Language
[Thu Sep 29 17:15:02.621 2016] 0.000 sec 0.000 sec [ext2/0/ext 0 (0,20)] [articals] Language
[Thu Sep 29 17:15:07.562 2016] 0.000 sec 0.000 sec [ext2/0/ext 2 (0,20)] [articals] Structured
[Thu Sep 29 17:15:16.923 2016] 0.000 sec 0.000 sec [ext2/0/ext 4 (0,20)] [articals] Query
[Thu Sep 29 17:30:10.213 2016] 0.001 sec 0.001 sec [ext2/0/ext 7 (0,20)] [articals] sql
[Thu Sep 29 17:30:17.352 2016] 0.000 sec 0.000 sec [ext2/0/ext 0 (0,20)] [articals] sql db
[Thu Sep 29 17:30:42.599 2016] 0.000 sec 0.000 sec [ext2/0/ext 0 (0,20)] [articals] sql db
[Thu Sep 29 17:30:47.226 2016] 0.000 sec 0.000 sec [ext2/0/ext 0 (0,20)] [articals] "sql db"
[Thu Sep 29 17:30:51.974 2016] 0.000 sec 0.000 sec [ext2/0/ext 0 (0,20)] [articals] sql db
[Thu Sep 29 17:32:03.686 2016] 0.001 sec 0.001 sec [ext2/0/ext 0 (0,20)] [articals] sql db
[Thu Sep 29 17:32:06.454 2016] 0.000 sec 0.000 sec [ext2/0/ext 0 (0,20)] [articals] sql db
[Thu Sep 29 17:32:07.298 2016] 0.000 sec 0.000 sec [ext2/0/ext 0 (0,20)] [articals] sql db
[Thu Sep 29 17:32:07.999 2016] 0.000 sec 0.000 sec [ext2/0/ext 0 (0,20)] [articals] sql db
[Thu Sep 29 17:35:03.652 2016] 0.001 sec 0.001 sec [ext2/0/ext 7 (0,20)] [articals] SQL
[Thu Sep 29 17:35:57.907 2016] 0.000 sec 0.000 sec [ext2/0/ext 7 (0,20)] [articals] SQL
[Thu Sep 29 17:36:00.525 2016] 0.000 sec 0.000 sec [ext2/0/ext 7 (0,20)] [articals] sql
[Thu Sep 29 17:36:05.148 2016] 0.000 sec 0.000 sec [ext2/0/ext 0 (0,20)] [articals] sql db
[Thu Sep 29 17:36:32.525 2016] 0.000 sec 0.000 sec [ext2/0/ext 0 (0,20)] [articals] @content sql db
[Thu Sep 29 17:36:40.113 2016] 0.000 sec 0.000 sec [ext2/0/ext 0 (0,20)] [articals] @content "sql db"
[Thu Sep 29 17:36:47.763 2016] 0.000 sec 0.000 sec [ext2/0/ext 0 (0,20)] [articals] @content sqldb
[Thu Sep 29 17:36:51.266 2016] 0.000 sec 0.000 sec [ext2/0/ext 0 (0,20)] [articals] @content sql db
[Thu Sep 29 17:39:24.418 2016] 0.000 sec 0.000 sec [ext2/0/ext 0 (0,20)] [articals] @content sql db
[Thu Sep 29 17:39:25.418 2016] 0.000 sec 0.000 sec [ext2/0/ext 0 (0,20)] [articals] @content sql db
[Thu Sep 29 17:39:40.644 2016] 0.001 sec 0.001 sec [ext2/0/ext 1 (0,20)] [articals] @content sql databases
[Thu Sep 29 17:41:34.542 2016] 0.001 sec 0.001 sec [ext2/0/ext 1 (0,20)] [articals] @content sql databases
[Thu Sep 29 17:41:44.026 2016] 0.000 sec 0.000 sec [ext2/0/ext 0 (0,20)] [articals] @content sql db
[Fri Sep 30 09:55:17.669 2016] 0.001 sec 0.001 sec [ext2/0/ext 0 (0,20)] [articals] @content sql db
[Fri Sep 30 09:55:28.575 2016] 0.000 sec 0.000 sec [ext2/0/ext 0 (0,20)] [articals] @content sql db
[Fri Sep 30 09:58:24.581 2016] 0.001 sec 0.001 sec [ext2/0/ext 0 (0,20)] [articals] @content sql db
[Fri Sep 30 09:58:26.007 2016] 0.000 sec 0.000 sec [ext2/0/ext 0 (0,20)] [articals] @content sql db
[Fri Sep 30 09:58:26.801 2016] 0.000 sec 0.000 sec [ext2/0/ext 0 (0,20)] [articals] @content sql db
[Fri Sep 30 09:58:27.414 2016] 0.000 sec 0.000 sec [ext2/0/ext 0 (0,20)] [articals] @content sql db
[Fri Sep 30 09:58:27.921 2016] 0.000 sec 0.000 sec [ext2/0/ext 0 (0,20)] [articals] @content sql db
[Fri Sep 30 09:58:28.404 2016] 0.000 sec 0.000 sec [ext2/0/ext 0 (0,20)] [articals] @content sql db
[Fri Sep 30 09:58:28.902 2016] 0.000 sec 0.000 sec [ext2/0/ext 0 (0,20)] [articals] @content sql db
[Fri Sep 30 09:58:29.348 2016] 0.000 sec 0.000 sec [ext2/0/ext 0 (0,20)] [articals] @content sql db
[Fri Sep 30 09:58:29.790 2016] 0.000 sec 0.000 sec [ext2/0/ext 0 (0,20)] [articals] @content sql db
[Fri Sep 30 09:58:30.324 2016] 0.000 sec 0.000 sec [ext2/0/ext 0 (0,20)] [articals] @content sql db
[Fri Sep 30 09:58:30.805 2016] 0.000 sec 0.000 sec [ext2/0/ext 0 (0,20)] [articals] @content sql db
[Fri Sep 30 09:58:31.256 2016] 0.000 sec 0.000 sec [ext2/0/ext 0 (0,20)] [articals] @content sql db
[Fri Sep 30 09:58:31.716 2016] 0.000 sec 0.000 sec [ext2/0/ext 0 (0,20)] [articals] @content sql db
[Fri Sep 30 09:58:32.180 2016] 0.000 sec 0.000 sec [ext2/0/ext 0 (0,20)] [articals] @content sql db
[Fri Sep 30 09:58:32.714 2016] 0.000 sec 0.000 sec [ext2/0/ext 0 (0,20)] [articals] @content sql db
[Fri Sep 30 09:59:31.868 2016] 0.001 sec 0.001 sec [ext2/0/ext 0 (0,20)] [articals] @content sqldb
[Fri Sep 30 09:59:33.847 2016] 0.000 sec 0.000 sec [ext2/0/ext 0 (0,20)] [articals] @content sqldb
[Fri Sep 30 09:59:34.839 2016] 0.000 sec 0.000 sec [ext2/0/ext 0 (0,20)] [articals] @content sqldb
[Fri Sep 30 09:59:35.559 2016] 0.000 sec 0.000 sec [ext2/0/ext 0 (0,20)] [articals] @content sqldb
[Fri Sep 30 09:59:36.124 2016] 0.000 sec 0.000 sec [ext2/0/ext 0 (0,20)] [articals] @content sqldb
[Fri Sep 30 09:59:36.674 2016] 0.000 sec 0.000 sec [ext2/0/ext 0 (0,20)] [articals] @content sqldb
[Fri Sep 30 09:59:37.328 2016] 0.000 sec 0.000 sec [ext2/0/ext 0 (0,20)] [articals] @content sqldb
[Fri Sep 30 09:59:38.109 2016] 0.000 sec 0.000 sec [ext2/0/ext 0 (0,20)] [articals] @content sqldb
[Fri Sep 30 10:00:27.494 2016] 0.000 sec 0.000 sec [ext2/0/ext 0 (0,20)] [articals] @content sqldb
[Fri Sep 30 10:00:43.870 2016] 0.000 sec 0.000 sec [ext2/0/ext 0 (0,20)] [articals] sqldb
[Fri Sep 30 10:00:45.118 2016] 0.000 sec 0.000 sec [ext2/0/ext 0 (0,20)] [articals] sqldb
[Fri Sep 30 10:00:45.748 2016] 0.000 sec 0.000 sec [ext2/0/ext 0 (0,20)] [articals] sqldb
[Fri Sep 30 10:00:46.255 2016] 0.000 sec 0.000 sec [ext2/0/ext 0 (0,20)] [articals] sqldb
[Fri Sep 30 10:07:46.962 2016] 0.000 sec 0.000 sec [ext2/0/ext 0 (0,20)] [articals] sqldb 
[Fri Sep 30 10:07:52.273 2016] 0.000 sec 0.000 sec [ext2/0/ext 0 (0,20)] [articals] sqldb 
[Fri Sep 30 10:09:06.398 2016] 0.001 sec 0.001 sec [ext2/0/ext 0 (0,20)] [articals] sql db
[Fri Sep 30 10:09:07.412 2016] 0.000 sec 0.000 sec [ext2/0/ext 0 (0,20)] [articals] sql db
[Fri Sep 30 10:09:08.090 2016] 0.000 sec 0.000 sec [ext2/0/ext 0 (0,20)] [articals] sql db
[Fri Sep 30 10:09:08.657 2016] 0.000 sec 0.000 sec [ext2/0/ext 0 (0,20)] [articals] sql db
[Fri Sep 30 10:09:09.180 2016] 0.000 sec 0.000 sec [ext2/0/ext 0 (0,20)] [articals] sql db
[Fri Sep 30 10:09:09.740 2016] 0.000 sec 0.000 sec [ext2/0/ext 0 (0,20)] [articals] sql db
[Fri Sep 30 10:09:14.153 2016] 0.000 sec 0.000 sec [ext2/0/ext 0 (0,20)] [articals] sql db
[Fri Sep 30 10:09:17.224 2016] 0.000 sec 0.000 sec [ext2/0/ext 0 (0,20)] [articals] sql db
[Fri Sep 30 10:09:26.992 2016] 0.000 sec 0.000 sec [ext2/0/ext 0 (0,20)] [articals] "sql db"
[Fri Sep 30 10:09:27.907 2016] 0.000 sec 0.000 sec [ext2/0/ext 0 (0,20)] [articals] "sql db"
[Fri Sep 30 10:09:31.787 2016] 0.001 sec 0.001 sec [ext2/0/ext 0 (0,20)] [articals] sql db
[Fri Sep 30 10:17:17.786 2016] 0.000 sec 0.000 sec [ext2/0/ext 7 (0,20)] [articals] SQL
[Fri Sep 30 10:18:12.199 2016] 0.001 sec 0.001 sec [ext2/0/ext 7 (0,20)] [articals] SQL
[Fri Sep 30 10:18:17.626 2016] 0.000 sec 0.000 sec [ext2/0/ext 7 (0,20)] [articals] sql
[Fri Sep 30 10:18:21.863 2016] 0.000 sec 0.000 sec [ext2/0/ext 0 (0,20)] [articals] sql db
[Fri Sep 30 10:18:22.824 2016] 0.000 sec 0.000 sec [ext2/0/ext 0 (0,20)] [articals] sql db
[Fri Sep 30 10:18:23.267 2016] 0.000 sec 0.000 sec [ext2/0/ext 0 (0,20)] [articals] sql db
[Fri Sep 30 10:18:23.619 2016] 0.000 sec 0.000 sec [ext2/0/ext 0 (0,20)] [articals] sql db
[Fri Sep 30 10:18:23.930 2016] 0.000 sec 0.000 sec [ext2/0/ext 0 (0,20)] [articals] sql db
[Fri Sep 30 10:18:24.156 2016] 0.000 sec 0.000 sec [ext2/0/ext 0 (0,20)] [articals] sql db
[Fri Sep 30 10:18:24.422 2016] 0.000 sec 0.000 sec [ext2/0/ext 0 (0,20)] [articals] sql db
[Fri Sep 30 10:18:24.705 2016] 0.000 sec 0.000 sec [ext2/0/ext 0 (0,20)] [articals] sql db
[Fri Sep 30 10:18:24.980 2016] 0.000 sec 0.000 sec [ext2/0/ext 0 (0,20)] [articals] sql db
[Fri Sep 30 10:18:25.289 2016] 0.000 sec 0.000 sec [ext2/0/ext 0 (0,20)] [articals] sql db
[Fri Sep 30 10:18:27.458 2016] 0.000 sec 0.000 sec [ext2/0/ext 0 (0,20)] [articals] sql db
[Fri Sep 30 10:19:59.725 2016] 0.000 sec 0.000 sec [ext2/0/ext 0 (0,20)] [articals] sql db
[Fri Sep 30 10:20:03.678 2016] 0.000 sec 0.000 sec [ext2/0/ext 0 (0,20)] [articals] hhhh
[Fri Sep 30 10:20:04.963 2016] 0.000 sec 0.000 sec [ext2/0/ext 0 (0,20)] [articals] hhhh
[Fri Sep 30 10:20:05.595 2016] 0.000 sec 0.000 sec [ext2/0/ext 0 (0,20)] [articals] hhhh
[Fri Sep 30 10:20:06.144 2016] 0.000 sec 0.000 sec [ext2/0/ext 0 (0,20)] [articals] hhhh
[Fri Sep 30 10:51:42.741 2016] 0.000 sec 0.000 sec [ext2/0/ext 0 (0,20)] [articals] hhhh
[Fri Sep 30 10:51:50.293 2016] 0.000 sec 0.000 sec [ext2/0/ext 0 (0,20)] [articals] 函数
[Fri Sep 30 10:52:05.535 2016] 0.001 sec 0.001 sec [ext2/0/ext 1 (0,20)] [articals] 函数
[Fri Sep 30 10:52:20.579 2016] 0.000 sec 0.000 sec [ext2/0/ext 1 (0,20)] [articals] 也
[Fri Sep 30 14:57:54.227 2016] 0.000 sec 0.000 sec [ext2/0/ext 10 (0,1000)] [articals]
[Fri Sep 30 14:57:56.235 2016] 0.000 sec 0.000 sec [ext2/0/ext 10 (0,1000)] [articals]
[Fri Sep 30 14:57:57.001 2016] 0.000 sec 0.000 sec [ext2/0/ext 10 (0,1000)] [articals]
[Fri Sep 30 14:57:58.420 2016] 0.000 sec 0.000 sec [ext2/0/ext 10 (0,1000)] [articals]
[Fri Sep 30 14:58:00.030 2016] 0.000 sec 0.000 sec [ext2/0/ext 10 (0,1000)] [articals]
[Fri Sep 30 14:58:01.614 2016] 0.000 sec 0.000 sec [ext2/0/ext 10 (0,1000)] [articals]
[Fri Sep 30 14:59:14.767 2016] 0.000 sec 0.000 sec [ext2/0/ext 11 (0,1000)] [articals]
[Fri Sep 30 14:59:20.120 2016] 0.000 sec 0.000 sec [ext2/0/ext 11 (0,1000)] [articals]
[Fri Sep 30 15:09:00.979 2016] 0.000 sec 0.000 sec [ext2/0/ext 1 (0,1000)] [articals]
